c:\users\lyt\downloads\autodock-vina-1.2.5\autodock-vina-1.2.5\build\windows\debug\main.obj
c:\users\lyt\downloads\autodock-vina-1.2.5\autodock-vina-1.2.5\build\windows\debug\vina.obj
c:\users\lyt\downloads\autodock-vina-1.2.5\autodock-vina-1.2.5\build\windows\debug\utils.obj
c:\users\lyt\downloads\autodock-vina-1.2.5\autodock-vina-1.2.5\build\windows\debug\random.obj
c:\users\lyt\downloads\autodock-vina-1.2.5\autodock-vina-1.2.5\build\windows\debug\quaternion.obj
c:\users\lyt\downloads\autodock-vina-1.2.5\autodock-vina-1.2.5\build\windows\debug\quasi_newton.obj
c:\users\lyt\downloads\autodock-vina-1.2.5\autodock-vina-1.2.5\build\windows\debug\parse_pdbqt.obj
c:\users\lyt\downloads\autodock-vina-1.2.5\autodock-vina-1.2.5\build\windows\debug\parallel_mc.obj
c:\users\lyt\downloads\autodock-vina-1.2.5\autodock-vina-1.2.5\build\windows\debug\mutate.obj
c:\users\lyt\downloads\autodock-vina-1.2.5\autodock-vina-1.2.5\build\windows\debug\monte_carlo.obj
c:\users\lyt\downloads\autodock-vina-1.2.5\autodock-vina-1.2.5\build\windows\debug\model.obj
c:\users\lyt\downloads\autodock-vina-1.2.5\autodock-vina-1.2.5\build\windows\debug\szv_grid.obj
c:\users\lyt\downloads\autodock-vina-1.2.5\autodock-vina-1.2.5\build\windows\debug\grid.obj
c:\users\lyt\downloads\autodock-vina-1.2.5\autodock-vina-1.2.5\build\windows\debug\coords.obj
c:\users\lyt\downloads\autodock-vina-1.2.5\autodock-vina-1.2.5\build\windows\debug\conf_independent.obj
c:\users\lyt\downloads\autodock-vina-1.2.5\autodock-vina-1.2.5\build\windows\debug\non_cache.obj
c:\users\lyt\downloads\autodock-vina-1.2.5\autodock-vina-1.2.5\build\windows\debug\cache.obj
c:\users\lyt\downloads\autodock-vina-1.2.5\autodock-vina-1.2.5\build\windows\debug\ad4cache.obj
c:\users\lyt\downloads\autodock-vina-1.2.5\autodock-vina-1.2.5\build\windows\debug\vina.ilk
c:\users\lyt\downloads\autodock-vina-1.2.5\autodock-vina-1.2.5\build\windows\debug\vina.exe
c:\users\lyt\downloads\autodock-vina-1.2.5\autodock-vina-1.2.5\build\windows\debug\vina.pdb
c:\users\lyt\downloads\autodock-vina-1.2.5\autodock-vina-1.2.5\build\windows\\debug\vina.pdb
c:\users\lyt\downloads\autodock-vina-1.2.5\autodock-vina-1.2.5\build\windows\\debug\vina.ilk
c:\users\lyt\downloads\autodock-vina-1.2.5\autodock-vina-1.2.5\build\windows\debug\vina.tlog\cl.command.1.tlog
c:\users\lyt\downloads\autodock-vina-1.2.5\autodock-vina-1.2.5\build\windows\debug\vina.tlog\cl.read.1.tlog
c:\users\lyt\downloads\autodock-vina-1.2.5\autodock-vina-1.2.5\build\windows\debug\vina.tlog\cl.write.1.tlog
c:\users\lyt\downloads\autodock-vina-1.2.5\autodock-vina-1.2.5\build\windows\debug\vina.tlog\link.command.1.tlog
c:\users\lyt\downloads\autodock-vina-1.2.5\autodock-vina-1.2.5\build\windows\debug\vina.tlog\link.read.1.tlog
c:\users\lyt\downloads\autodock-vina-1.2.5\autodock-vina-1.2.5\build\windows\debug\vina.tlog\link.write.1.tlog
